





























































































































































































































































































































Историческая серия:                                                                                                                                                                                                                                            1000-летие единения мордовского народа с народами Российского государства
Историческая серия:                                                                                                                                                                                                                                            1000-летие единения мордовского народа с народами Российского государства
Историческая серия:                                                                                                                                                                                                                                            1000-летие единения мордовского народа с народами Российского государства
Историческая серия:                                                                                                                                                                                                                                            1000-летие основания Казани
Историческая серия:                                                                                                                                                                                                                                            1000-летие основания Казани
Историческая серия:                                                                                                                                                                                                                                            1000-летие основания Казани
Историческая серия:                                                                                                                                                                                                                                            1000-летие основания Казани
Историческая серия:                                                                                                                                                                                                                                            1000-летие России
Историческая серия:                                                                                                                                                                                                                                            1000-летие России
Историческая серия:                                                                                                                                                                                                                                            1000-летие России
Историческая серия:                                                                                                                                                                                                                                            1000-летие России
Историческая серия:                                                                                                                                                                                                                                            1000-летие России
Историческая серия:                                                                                                                                                                                                                                            1000-летие России
Историческая серия:                                                                                                                                                                                                                                            1000-летие России
Историческая серия:                                                                                                                                                                                                                                            1000-летие России
Историческая серия:                                                                                                                                                                                                                                            1000-летие России
Историческая серия:                                                                                                                                                                                                                                            1000-летие России
Историческая серия:                                                                                                                                                                                                                                            1000-летие России
100-летие Государственного музея искусства народов Востока
100-летие Государственного музея искусства народов Востока
Историческая серия:                                                                                                                                                                                                                                            100-летие единения России и Тувы и основания г. Кызыла
Историческая серия:                                                                                                                                                                                                                                            100-летие единения России и Тувы и основания г. Кызыла
Историческая серия:                                                                                                                                                                                                                                            100-летие единения России и Тувы и основания г. Кызыла
100-летие образования Республики Башкортостан
100-летие образования Республики Башкортостан
100-летие основания Государственного музея-усадьбы "Архангельское"
100-летие основания Государственного музея-усадьбы "Архангельское"
100-летие Российского футбола
100-летие Российского футбола
100-летие Российского футбола
100-летие Российского футбола
100-летие Российского футбола
100-летие со дня образования Службы внешней разведки Российской Федерации
100-летие со дня образования Службы внешней разведки Российской Федерации
100-летие эмиссионного закона Витте
100-летие эмиссионного закона Витте
1150-летие зарождения российской государственности
1150-летие зарождения российской государственности
1150-летие зарождения российской государственности
1150-летие зарождения российской государственности
1150-летие зарождения российской государственности
1150-летие основания города Смоленска
1150-летие основания города Смоленска
1150-летие основания города Смоленска
150-летие Банка России
150-летие Банка России
150-летие Банка России
150-летие Банка России
150-летие начала эпохи Великих реформ
150-летие начала эпохи Великих реформ
150-летие начала эпохи Великих реформ
150-летие со дня рождения А.П. Чехова
150-летие со дня рождения А.П. Чехова
150-летие со дня рождения А.П. Чехова
150-летие со дня рождения А.П. Чехова
160-летие Банка России
160-летие Банка России
160-летие Банка России
Географическая серия:                                                                                                                                                                                                                                          1-я Камчатская экспедиция
Географическая серия:                                                                                                                                                                                                                                          1-я Камчатская экспедиция
Географическая серия:                                                                                                                                                                                                                                          1-я Камчатская экспедиция
200 лет со дня основания Экспедиции заготовления государственных бумаг
200 лет со дня основания Экспедиции заготовления государственных бумаг
Историческая серия:                                                                                                                                                                                                                                            2000-летие основания г. Дербента, Республика Дагестан
Историческая серия:                                                                                                                                                                                                                                            2000-летие основания г. Дербента, Республика Дагестан
Историческая серия:                                                                                                                                                                                                                                            2000-летие основания г. Дербента, Республика Дагестан
Историческая серия:                                                                                                                                                                                                                                            200-летие победы России в Отечественной войне 1812 года
Историческая серия:                                                                                                                                                                                                                                            200-летие победы России в Отечественной войне 1812 года
Историческая серия:                                                                                                                                                                                                                                            200-летие победы России в Отечественной войне 1812 года
Историческая серия:                                                                                                                                                                                                                                            200-летие победы России в Отечественной войне 1812 года
Историческая серия:                                                                                                                                                                                                                                            200-летие победы России в Отечественной войне 1812 года
Историческая серия:                                                                                                                                                                                                                                            200-летие победы России в Отечественной войне 1812 года
Историческая серия:                                                                                                                                                                                                                                            200-летие победы России в Отечественной войне 1812 года
Историческая серия:                                                                                                                                                                                                                                            200-летие победы России в Отечественной войне 1812 года
200-летие со дня рождения И.С. Тургенева
200-летие со дня рождения И.С. Тургенева
200-летие со дня рождения И.С. Тургенева
Историческая серия:                                                                                                                                                                                                                                            200-летие со дня рождения М.Ю. Лермонтова
Историческая серия:                                                                                                                                                                                                                                            200-летие со дня рождения М.Ю. Лермонтова
Историческая серия:                                                                                                                                                                                                                                            200-летие со дня рождения М.Ю. Лермонтова
Историческая серия:                                                                                                                                                                                                                                            200-летие со дня рождения Н.В. Гоголя
Историческая серия:                                                                                                                                                                                                                                            200-летие со дня рождения Н.В. Гоголя
Историческая серия:                                                                                                                                                                                                                                            200-летие со дня рождения Н.В. Гоголя
Историческая серия:                                                                                                                                                                                                                                            200-летие со дня рождения Н.В. Гоголя
Историческая серия:                                                                                                                                                                                                                                            200-летие со дня рождения Пушкина
Историческая серия:                                                                                                                                                                                                                                            200-летие со дня рождения Пушкина
Историческая серия:                                                                                                                                                                                                                                            200-летие со дня рождения Пушкина
Историческая серия:                                                                                                                                                                                                                                            200-летие со дня рождения Пушкина
Историческая серия:                                                                                                                                                                                                                                            200-летие со дня рождения Пушкина
Историческая серия:                                                                                                                                                                                                                                            200-летие со дня рождения Пушкина
Историческая серия:                                                                                                                                                                                                                                            200-летие со дня рождения Пушкина
20-летие принятия Конституции Российской Федерации
20-летие принятия Конституции Российской Федерации
20-летие принятия Конституции Российской Федерации
250-летие Генерального штаба Вооруженных сил Российской Федерации
250-летие Генерального штаба Вооруженных сил Российской Федерации
250-летие основания Государственного Эрмитажа
250-летие основания Государственного Эрмитажа
Географическая серия:                                                                                                                                                                                                                                          2-я Камчатская экспедиция
Географическая серия:                                                                                                                                                                                                                                          2-я Камчатская экспедиция
Географическая серия:                                                                                                                                                                                                                                          2-я Камчатская экспедиция
300 лет полиции России
300 лет полиции России
300 лет полиции России
Историческая серия:                                                                                                                                                                                                                                            300-летие основания Санкт-Петербурга
Историческая серия:                                                                                                                                                                                                                                            300-летие основания Санкт-Петербурга
Историческая серия:                                                                                                                                                                                                                                            300-летие основания Санкт-Петербурга
Историческая серия:                                                                                                                                                                                                                                            300-летие основания Санкт-Петербурга
Историческая серия:                                                                                                                                                                                                                                            300-летие основания Санкт-Петербурга
Историческая серия:                                                                                                                                                                                                                                            300-летие основания Санкт-Петербурга
Историческая серия:                                                                                                                                                                                                                                            300-летие Полтавской битвы (8 июля 1709 г.)
Историческая серия:                                                                                                                                                                                                                                            300-летие Полтавской битвы (8 июля 1709 г.)
Историческая серия:                                                                                                                                                                                                                                            300-летие Полтавской битвы (8 июля 1709 г.)
Набор памятных монет:                                                                                                                                                                                                                                          300-летие Российского флота
Набор памятных монет:                                                                                                                                                                                                                                          300-летие Российского флота
Набор памятных монет:                                                                                                                                                                                                                                          300-летие Российского флота
Набор памятных монет:                                                                                                                                                                                                                                          300-летие Российского флота
Набор памятных монет:                                                                                                                                                                                                                                          300-летие Российского флота
Набор памятных монет:                                                                                                                                                                                                                                          300-летие Российского флота
Набор памятных монет:                                                                                                                                                                                                                                          300-летие Российского флота
Набор памятных монет:                                                                                                                                                                                                                                          300-летие Российского флота
Набор памятных монет:                                                                                                                                                                                                                                          300-летие Российского флота
Набор памятных монет:                                                                                                                                                                                                                                          300-летие Российского флота
Набор памятных монет:                                                                                                                                                                                                                                          300-летие Российского флота
Набор памятных монет:                                                                                                                                                                                                                                          300-летие Российского флота
Набор памятных монет:                                                                                                                                                                                                                                          300-летие Российского флота
Набор памятных монет:                                                                                                                                                                                                                                          300-летие Российского флота
Набор памятных монет:                                                                                                                                                                                                                                          300-летие Российского флота
Историческая серия:                                                                                                                                                                                                                                            400-летие народного ополчения Козьмы Минина и Дмитрия Пожарского
Историческая серия:                                                                                                                                                                                                                                            400-летие народного ополчения Козьмы Минина и Дмитрия Пожарского
Историческая серия:                                                                                                                                                                                                                                            400-летие народного ополчения Козьмы Минина и Дмитрия Пожарского
Набор памятных монет:                                                                                                                                                                                                                                          50 лет Великой Победы
Набор памятных монет:                                                                                                                                                                                                                                          50 лет Великой Победы
Набор памятных монет:                                                                                                                                                                                                                                          50 лет Великой Победы
Набор памятных монет:                                                                                                                                                                                                                                          50 лет Великой Победы
Набор памятных монет:                                                                                                                                                                                                                                          50 лет Великой Победы
Набор памятных монет:                                                                                                                                                                                                                                          50 лет Великой Победы
50-летие Победы в Великой Отечественной войне
50-летие Победы в Великой Отечественной войне
50-летие Победы в Великой Отечественной войне
50-летие Победы в Великой Отечественной войне
50-летие Победы в Великой Отечественной войне
50-летие Победы в Великой Отечественной войне
50-летие Победы в Великой Отечественной войне
50-летие Победы в Великой Отечественной войне
50-летие Победы в Великой Отечественной войне
50-летие Победы в Великой Отечественной войне
50-летие Победы в Великой Отечественной войне
50-летие Победы в Великой Отечественной войне
50-летие Победы в Великой Отечественной войне
50-летие Победы в Великой Отечественной войне
50-летие Победы в Великой Отечественной войне
Историческая серия:                                                                                                                                                                                                                                            625-летие Куликовской битвы
Историческая серия:                                                                                                                                                                                                                                            625-летие Куликовской битвы
Историческая серия:                                                                                                                                                                                                                                            625-летие Куликовской битвы
Историческая серия:                                                                                                                                                                                                                                            700-летие со дня рождения преподобного Сергия Радонежского
Историческая серия:                                                                                                                                                                                                                                            700-летие со дня рождения преподобного Сергия Радонежского
Историческая серия:                                                                                                                                                                                                                                            700-летие со дня рождения преподобного Сергия Радонежского
Историческая серия:                                                                                                                                                                                                                                            700-летие со дня рождения преподобного Сергия Радонежского
70-летие Победы в Великой Отечественной войне 1941-1945 гг.
70-летие Победы в Великой Отечественной войне 1941-1945 гг.
70-летие Победы в Великой Отечественной войне 1941-1945 гг.
70-летие Победы в Великой Отечественной войне 1941-1945 гг.
70-летие Победы в Великой Отечественной войне 1941-1945 гг.
70-летие Победы в Великой Отечественной войне 1941-1945 гг.
70-летие Победы в Великой Отечественной войне 1941-1945 гг.
70-летие Победы в Великой Отечественной войне 1941-1945 гг.
70-летие Победы в Великой Отечественной войне 1941-1945 гг.
70-летие Победы в Великой Отечественной войне 1941-1945 гг.
70-летие Победы в Великой Отечественной войне 1941-1945 гг.
70-летие Победы в Великой Отечественной войне 1941-1945 гг.
70-летие Победы в Великой Отечественной войне 1941-1945 гг.
70-летие Победы в Великой Отечественной войне 1941-1945 гг.
70-летие Победы в Великой Отечественной войне 1941-1945 гг.
70-летие Победы в Великой Отечественной войне 1941-1945 гг.
70-летие Победы в Великой Отечественной войне 1941-1945 гг.
70-летие Победы в Великой Отечественной войне 1941-1945 гг.
70-летие Победы советского народа в Великой Отечественной войне 1941-1945 гг.
70-летие Победы советского народа в Великой Отечественной войне 1941-1945 гг.
70-летие Победы советского народа в Великой Отечественной войне 1941-1945 гг.
70-летие Победы советского народа в Великой Отечественной войне 1941-1945 гг.
70-летие Победы советского народа в Великой Отечественной войне 1941-1945 гг.
70-летие Победы советского народа в Великой Отечественной войне 1941-1945 гг.
70-летие разгрома советскими войсками немецко-фашистских войск в Сталинградской битве
70-летие разгрома советскими войсками немецко-фашистских войск в Сталинградской битве
70-летие разгрома советскими войсками немецко-фашистских войск в Сталинградской битве
75-летие Победы советского народа в Великой Отечественной войне 1941–1945 гг.
75-летие Победы советского народа в Великой Отечественной войне 1941–1945 гг.
75-летие Победы советского народа в Великой Отечественной войне 1941–1945 гг.
75-летие Победы советского народа в Великой Отечественной войне 1941–1945 гг.
75-летие Победы советского народа в Великой Отечественной войне 1941–1945 гг.
75-летие Победы советского народа в Великой Отечественной войне 1941–1945 гг.
75-летие Победы советского народа в Великой Отечественной войне 1941–1945 гг.
75-летие Победы советского народа в Великой Отечественной войне 1941–1945 гг.
75-летие полного освобождения Ленинграда от фашистской блокады
75-летие полного освобождения Ленинграда от фашистской блокады
850-летие основания Москвы
850-летие основания Москвы
850-летие основания Москвы
850-летие основания Москвы
850-летие основания Москвы
850-летие основания Москвы
850-летие основания Москвы
850-летие основания Москвы
850-летие основания Москвы
850-летие основания Москвы
850-летие основания Москвы
850-летие основания Москвы
90-летие Всероссийского физкультурно-спортивного общества "Динамо"
90-летие Всероссийского физкультурно-спортивного общества "Динамо"
90-летие Всероссийского физкультурно-спортивного общества "Динамо"
90-летие Всероссийского физкультурно-спортивного общества "Динамо"
90-летие Всероссийского физкультурно-спортивного общества "Динамо"
90-летие Всероссийского физкультурно-спортивного общества "Динамо"
90-летие Всероссийского физкультурно-спортивного общества "Динамо"
90-летие Всероссийского физкультурно-спортивного общества "Динамо"
XXII Олимпийские зимние игры и XI Паралимпийские зимние игры 2014 года в г. Сочи
XXII Олимпийские зимние игры и XI Паралимпийские зимние игры 2014 года в г. Сочи
XXII Олимпийские зимние игры и XI Паралимпийские зимние игры 2014 года в г. Сочи
XXII Олимпийские зимние игры и XI Паралимпийские зимние игры 2014 года в г. Сочи
XXII Олимпийские зимние игры и XI Паралимпийские зимние игры 2014 года в г. Сочи
XXII Олимпийские зимние игры и XI Паралимпийские зимние игры 2014 года в г. Сочи
XXII Олимпийские зимние игры и XI Паралимпийские зимние игры 2014 года в г. Сочи
XXII Олимпийские зимние игры и XI Паралимпийские зимние игры 2014 года в г. Сочи
XXII Олимпийские зимние игры и XI Паралимпийские зимние игры 2014 года в г. Сочи
XXII Олимпийские зимние игры и XI Паралимпийские зимние игры 2014 года в г. Сочи
XXII Олимпийские зимние игры и XI Паралимпийские зимние игры 2014 года в г. Сочи
XXII Олимпийские зимние игры и XI Паралимпийские зимние игры 2014 года в г. Сочи
XXII Олимпийские зимние игры и XI Паралимпийские зимние игры 2014 года в г. Сочи
XXII Олимпийские зимние игры и XI Паралимпийские зимние игры 2014 года в г. Сочи
XXII Олимпийские зимние игры и XI Паралимпийские зимние игры 2014 года в г. Сочи
XXII Олимпийские зимние игры и XI Паралимпийские зимние игры 2014 года в г. Сочи
XXII Олимпийские зимние игры и XI Паралимпийские зимние игры 2014 года в г. Сочи
XXII Олимпийские зимние игры и XI Паралимпийские зимние игры 2014 года в г. Сочи
XXII Олимпийские зимние игры и XI Паралимпийские зимние игры 2014 года в г. Сочи
XXII Олимпийские зимние игры и XI Паралимпийские зимние игры 2014 года в г. Сочи
XXII Олимпийские зимние игры и XI Паралимпийские зимние игры 2014 года в г. Сочи
XXII Олимпийские зимние игры и XI Паралимпийские зимние игры 2014 года в г. Сочи
XXII Олимпийские зимние игры и XI Паралимпийские зимние игры 2014 года в г. Сочи
XXII Олимпийские зимние игры и XI Паралимпийские зимние игры 2014 года в г. Сочи
XXII Олимпийские зимние игры и XI Паралимпийские зимние игры 2014 года в г. Сочи
XXII Олимпийские зимние игры и XI Паралимпийские зимние игры 2014 года в г. Сочи
XXII Олимпийские зимние игры и XI Паралимпийские зимние игры 2014 года в г. Сочи
XXII Олимпийские зимние игры и XI Паралимпийские зимние игры 2014 года в г. Сочи
XXII Олимпийские зимние игры и XI Паралимпийские зимние игры 2014 года в г. Сочи
XXII Олимпийские зимние игры и XI Паралимпийские зимние игры 2014 года в г. Сочи
XXII Олимпийские зимние игры и XI Паралимпийские зимние игры 2014 года в г. Сочи
XXII Олимпийские зимние игры и XI Паралимпийские зимние игры 2014 года в г. Сочи
XXII Олимпийские зимние игры и XI Паралимпийские зимние игры 2014 года в г. Сочи
XXII Олимпийские зимние игры и XI Паралимпийские зимние игры 2014 года в г. Сочи
XXII Олимпийские зимние игры и XI Паралимпийские зимние игры 2014 года в г. Сочи
XXII Олимпийские зимние игры и XI Паралимпийские зимние игры 2014 года в г. Сочи
XXII Олимпийские зимние игры и XI Паралимпийские зимние игры 2014 года в г. Сочи
XXII Олимпийские зимние игры и XI Паралимпийские зимние игры 2014 года в г. Сочи
XXII Олимпийские зимние игры и XI Паралимпийские зимние игры 2014 года в г. Сочи
XXII Олимпийские зимние игры и XI Паралимпийские зимние игры 2014 года в г. Сочи
XXII Олимпийские зимние игры и XI Паралимпийские зимние игры 2014 года в г. Сочи
XXII Олимпийские зимние игры и XI Паралимпийские зимние игры 2014 года в г. Сочи
XXII Олимпийские зимние игры и XI Паралимпийские зимние игры 2014 года в г. Сочи
XXII Олимпийские зимние игры и XI Паралимпийские зимние игры 2014 года в г. Сочи
XXII Олимпийские зимние игры и XI Паралимпийские зимние игры 2014 года в г. Сочи
XXII Олимпийские зимние игры и XI Паралимпийские зимние игры 2014 года в г. Сочи
XXII Олимпийские зимние игры и XI Паралимпийские зимние игры 2014 года в г. Сочи
XXII Олимпийские зимние игры и XI Паралимпийские зимние игры 2014 года в г. Сочи
XXII Олимпийские зимние игры и XI Паралимпийские зимние игры 2014 года в г. Сочи
XXII Олимпийские зимние игры и XI Паралимпийские зимние игры 2014 года в г. Сочи
XXII Олимпийские зимние игры и XI Паралимпийские зимние игры 2014 года в г. Сочи
XXII Олимпийские зимние игры и XI Паралимпийские зимние игры 2014 года в г. Сочи
XXII Олимпийские зимние игры и XI Паралимпийские зимние игры 2014 года в г. Сочи
XXII Олимпийские зимние игры и XI Паралимпийские зимние игры 2014 года в г. Сочи
Спортивная серия:                                                                                                                                                                                                                                              XXIX Летние Олимпийские Игры (г. Пекин)
Спортивная серия:                                                                                                                                                                                                                                              XXIX Летние Олимпийские Игры (г. Пекин)
XXVII Всемирная летняя Универсиада 2013 года в г. Казани
XXVII Всемирная летняя Универсиада 2013 года в г. Казани
XXVII Всемирная летняя Универсиада 2013 года в г. Казани
XXVII Всемирная летняя Универсиада 2013 года в г. Казани
XXVII Всемирная летняя Универсиада 2013 года в г. Казани
XXVII Всемирная летняя Универсиада 2013 года в г. Казани
Алмазный фонд России
Алмазный фонд России
Алмазный фонд России
Алмазный фонд России
Алмазный фонд России
Алмазный фонд России
Алмазный фонд России
Алмазный фонд России
Алмазный фонд России
Алмазный фонд России
Алмазный фонд России
Алмазный фонд России
Алмазный фонд России
Алмазный фонд России
Алмазный фонд России
Историческая серия:                                                                                                                                                                                                                                            Андрей Рублев
Историческая серия:                                                                                                                                                                                                                                            Андрей Рублев
Историческая серия:                                                                                                                                                                                                                                            Андрей Рублев
Историческая серия:                                                                                                                                                                                                                                            Андрей Рублев
Архитектурные шедевры России
Архитектурные шедевры России
Архитектурные шедевры России
Архитектурные шедевры России
Архитектурные шедевры России
Архитектурные шедевры России
Архитектурные шедевры России
Архитектурные шедевры России
Архитектурные шедевры России
Архитектурные шедевры России
Архитектурные шедевры России
Барк Крузенштерн
Барк Крузенштерн
Историческая серия:                                                                                                                                                                                                                                            Вклад России в сокровищницу мировой культуры
Историческая серия:                                                                                                                                                                                                                                            Вклад России в сокровищницу мировой культуры
Историческая серия:                                                                                                                                                                                                                                            Вклад России в сокровищницу мировой культуры
Историческая серия:                                                                                                                                                                                                                                            Вклад России в сокровищницу мировой культуры
Историческая серия:                                                                                                                                                                                                                                            Вклад России в сокровищницу мировой культуры
Историческая серия:                                                                                                                                                                                                                                            Вклад России в сокровищницу мировой культуры
Историческая серия:                                                                                                                                                                                                                                            Вклад России в сокровищницу мировой культуры
Историческая серия:                                                                                                                                                                                                                                            Вклад России в сокровищницу мировой культуры
Историческая серия:                                                                                                                                                                                                                                            Вклад России в сокровищницу мировой культуры
Историческая серия:                                                                                                                                                                                                                                            Вклад России в сокровищницу мировой культуры
Историческая серия:                                                                                                                                                                                                                                            Вклад России в сокровищницу мировой культуры
Историческая серия:                                                                                                                                                                                                                                            Вклад России в сокровищницу мировой культуры
Вооруженные силы Российской Федерации
Вооруженные силы Российской Федерации
Вооруженные силы Российской Федерации
Вооруженные силы Российской Федерации
Вооруженные силы Российской Федерации
Вооруженные силы Российской Федерации
Вооруженные силы Российской Федерации
Вооруженные силы Российской Федерации
Вооруженные силы Российской Федерации
Вооруженные силы Российской Федерации
Вооруженные силы Российской Федерации
Вооруженные силы Российской Федерации
Вооруженные силы Российской Федерации
Вооруженные силы Российской Федерации
Вооруженные силы Российской Федерации
Вооруженные силы Российской Федерации
Вооруженные силы Российской Федерации
Вооруженные силы Российской Федерации
Вооруженные силы Российской Федерации
Вооруженные силы Российской Федерации
Вооруженные силы Российской Федерации
Вооруженные силы Российской Федерации
Вооруженные силы Российской Федерации
Вооруженные силы Российской Федерации
Вооруженные силы Российской Федерации
Вооруженные силы Российской Федерации
Вооруженные силы Российской Федерации
Вооруженные силы Российской Федерации
Вооруженные силы Российской Федерации
Вооруженные силы Российской Федерации
Вооруженные силы Российской Федерации
Вооруженные силы Российской Федерации
Выдающиеся личности России
Выдающиеся личности России
Выдающиеся личности России
Выдающиеся личности России
Выдающиеся личности России
Выдающиеся личности России
Выдающиеся личности России
Выдающиеся личности России
Выдающиеся личности России
Выдающиеся личности России
Выдающиеся личности России
Выдающиеся личности России
Выдающиеся личности России
Выдающиеся личности России
Выдающиеся личности России
Выдающиеся личности России
Выдающиеся личности России
Выдающиеся личности России
Выдающиеся личности России
Выдающиеся личности России
Выдающиеся личности России
Выдающиеся личности России
Выдающиеся личности России
Выдающиеся личности России
Выдающиеся личности России
Выдающиеся личности России
Выдающиеся личности России
Выдающиеся личности России
Выдающиеся личности России
Выдающиеся личности России
Выдающиеся личности России
Выдающиеся личности России
Выдающиеся личности России
Выдающиеся личности России
Выдающиеся личности России
Выдающиеся личности России
Выдающиеся личности России
Выдающиеся личности России
Выдающиеся личности России
Выдающиеся личности России
Выдающиеся личности России
Выдающиеся личности России
Выдающиеся личности России
Выдающиеся личности России
Выдающиеся личности России
Выдающиеся личности России
Выдающиеся личности России
Выдающиеся личности России
Выдающиеся личности России
Выдающиеся личности России
Выдающиеся личности России
Выдающиеся личности России
Выдающиеся личности России
Выдающиеся личности России
Выдающиеся личности России
Выдающиеся личности России
Выдающиеся личности России
Выдающиеся личности России
Выдающиеся личности России
Выдающиеся личности России
Выдающиеся личности России
Выдающиеся личности России
Выдающиеся личности России
Выдающиеся личности России
Выдающиеся личности России
Выдающиеся личности России
Выдающиеся личности России
Выдающиеся личности России
Выдающиеся личности России
Выдающиеся личности России
Выдающиеся личности России
Выдающиеся личности России
Выдающиеся личности России
Выдающиеся личности России
Выдающиеся личности России
Выдающиеся личности России
Выдающиеся личности России
Выдающиеся личности России
Выдающиеся личности России
Выдающиеся личности России
Выдающиеся личности России
Выдающиеся личности России
Выдающиеся личности России
Выдающиеся личности России
Выдающиеся личности России
Выдающиеся личности России
Выдающиеся личности России
Выдающиеся личности России
Выдающиеся личности России
Выдающиеся личности России
Выдающиеся личности России
Выдающиеся личности России
Выдающиеся личности России
Выдающиеся личности России
Выдающиеся личности России
Выдающиеся личности России
Выдающиеся личности России
Выдающиеся личности России
Выдающиеся личности России
Выдающиеся личности России
Выдающиеся личности России
Выдающиеся личности России
Выдающиеся личности России
Выдающиеся личности России
Выдающиеся личности России
Выдающиеся личности России
Выдающиеся личности России
Выдающиеся личности России
Выдающиеся личности России
Выдающиеся личности России
Выдающиеся личности России
Выдающиеся личности России
Выдающиеся личности России
Выдающиеся полководцы и флотоводцы России
Выдающиеся полководцы и флотоводцы России
Выдающиеся полководцы и флотоводцы России
Выдающиеся полководцы России
Выдающиеся полководцы России
Выдающиеся полководцы России
Выдающиеся спортсмены России (Конькобежный спорт)
Выдающиеся спортсмены России (Конькобежный спорт)
Выдающиеся спортсмены России (Конькобежный спорт)
Выдающиеся спортсмены России (Лыжные гонки)
Выдающиеся спортсмены России (Лыжные гонки)
Выдающиеся спортсмены России (Спортивная гимнастика)
Выдающиеся спортсмены России (Спортивная гимнастика)
Выдающиеся спортсмены России (Спортивная гимнастика)
Выдающиеся спортсмены России (футбол)
Выдающиеся спортсмены России (футбол)
Выдающиеся спортсмены России (футбол)
Выдающиеся спортсмены России (хоккей)
Выдающиеся спортсмены России (хоккей)
Выдающиеся спортсмены России (хоккей)
Города
Города
Города
Города – столицы государств, освобожденные советскими войсками от немецко-фашистских захватчиков
Города – столицы государств, освобожденные советскими войсками от немецко-фашистских захватчиков
Города – столицы государств, освобожденные советскими войсками от немецко-фашистских захватчиков
Города – столицы государств, освобожденные советскими войсками от немецко-фашистских захватчиков
Города – столицы государств, освобожденные советскими войсками от немецко-фашистских захватчиков
Города – столицы государств, освобожденные советскими войсками от немецко-фашистских захватчиков
Города – столицы государств, освобожденные советскими войсками от немецко-фашистских захватчиков
Города – столицы государств, освобожденные советскими войсками от немецко-фашистских захватчиков
Города – столицы государств, освобожденные советскими войсками от немецко-фашистских захватчиков
Города – столицы государств, освобожденные советскими войсками от немецко-фашистских захватчиков
Города – столицы государств, освобожденные советскими войсками от немецко-фашистских захватчиков
Города – столицы государств, освобожденные советскими войсками от немецко-фашистских захватчиков
Города – столицы государств, освобожденные советскими войсками от немецко-фашистских захватчиков
Города – столицы государств, освобожденные советскими войсками от немецко-фашистских захватчиков
Города воинской славы
Города воинской славы
Города воинской славы
Города воинской славы
Города воинской славы
Города воинской славы
Города воинской славы
Города воинской славы
Города воинской славы
Города воинской славы
Города воинской славы
Города воинской славы
Города воинской славы
Города воинской славы
Города воинской славы
Города воинской славы
Города воинской славы
Города воинской славы
Города воинской славы
Города воинской славы
Города воинской славы
Города воинской славы
Города воинской славы
Города воинской славы
Города воинской славы
Города воинской славы
Города воинской славы
Города воинской славы
Города воинской славы
Города воинской славы
Города воинской славы
Города воинской славы
Города воинской славы
Города воинской славы
Города воинской славы
Города воинской славы
Города воинской славы
Города воинской славы
Города воинской славы
Города воинской славы
Города воинской славы
Города воинской славы
Города воинской славы
Города воинской славы
Города воинской славы
Города трудовой доблести
Города трудовой доблести
Города трудовой доблести
Города трудовой доблести
Дзюдо
Дзюдо
Дзюдо
Дзюдо
Историческая серия:                                                                                                                                                                                                                                            Дионисий
Историческая серия:                                                                                                                                                                                                                                            Дионисий
Историческая серия:                                                                                                                                                                                                                                            Дионисий
Историческая серия:                                                                                                                                                                                                                                            Дионисий
Древние города России
Древние города России
Древние города России
Древние города России
Древние города России
Древние города России
Древние города России
Древние города России
Древние города России
Древние города России
Древние города России
Древние города России
Древние города России
Древние города России
Древние города России
Древние города России
Древние города России
Древние города России
Древние города России
Древние города России
Древние города России
Древние города России
Древние города России
Древние города России
Древние города России
Древние города России
Древние города России
Древние города России
Древние города России
Древние города России
Древние города России
Древние города России
Древние города России
Древние города России
Древние города России
Древние города России
Древние города России
Древние города России
Древние города России
Древние города России
Древние города России
Древние города России
Древние города России
Животный мир стран ЕврАзЭС
Зимние виды спорта
Зимние виды спорта
Зимние виды спорта
Зимние виды спорта
Зимние виды спорта
Зимние виды спорта
Зимние виды спорта
Зимние виды спорта
Зимние виды спорта
Зимние виды спорта
Зимние виды спорта
Зимние виды спорта
Зимние виды спорта
Зимние виды спорта
Зимние виды спорта
Зимние Олимпийские игры 1998 года
Зимние Олимпийские игры 1998 года
Знаки зодиака
Знаки зодиака
Знаки зодиака
Знаки зодиака
Знаки зодиака
Знаки зодиака
Знаки зодиака
Знаки зодиака
Знаки зодиака
Знаки зодиака
Знаки зодиака
Знаки зодиака
Знаки зодиака
Знаки зодиака
Знаки зодиака
Знаки зодиака
Знаки зодиака
Знаки зодиака
Знаки зодиака
Знаки зодиака
Знаки зодиака
Знаки зодиака
Знаки зодиака
Знаки зодиака
Знаки зодиака
Знаки зодиака
Знаки зодиака
Знаки зодиака
Знаки зодиака
Знаки зодиака
Знаки зодиака
Знаки зодиака
Знаки зодиака
Знаки зодиака
Знаки зодиака
Знаки зодиака
Знаки зодиака
Знаки зодиака
Знаки зодиака
Знаки зодиака
Знаки зодиака
Знаки зодиака
Знаки зодиака
Знаки зодиака
Знаки зодиака
Знаки зодиака
Знаки зодиака
Знаки зодиака
Знаки зодиака
Знаки зодиака
Знаки зодиака
Знаки зодиака
Знаки зодиака
Знаки зодиака
Знаки зодиака
Знаки зодиака
Знаки зодиака
Знаки зодиака
Знаки зодиака
Знаки зодиака
Знаки зодиака
Знаки зодиака
Знаки зодиака
Знаки зодиака
Знаки зодиака
Знаки зодиака
Знаки зодиака
Знаки зодиака
Знаки зодиака
Знаки зодиака
Знаки зодиака
Знаки зодиака
Золотое кольцо России
Золотое кольцо России
Золотое кольцо России
Золотое кольцо России
Золотое кольцо России
Золотое кольцо России
Золотое кольцо России
Золотое кольцо России
Золотое кольцо России
Золотое кольцо России
Золотое кольцо России
Золотое кольцо России
Изобретения России
Географическая серия:                                                                                                                                                                                                                                          Исследование Русской Арктики
Географическая серия:                                                                                                                                                                                                                                          Исследование Русской Арктики
Географическая серия:                                                                                                                                                                                                                                          Исследование Русской Арктики
Географическая серия:                                                                                                                                                                                                                                          Исследование Русской Арктики
Географическая серия:                                                                                                                                                                                                                                          Исследование Русской Арктики
Исторические события
Исторические события
Историческая серия:                                                                                                                                                                                                                                            История денежного обращения России
Историческая серия:                                                                                                                                                                                                                                            История денежного обращения России
Историческая серия:                                                                                                                                                                                                                                            История денежного обращения России
Историческая серия:                                                                                                                                                                                                                                            История денежного обращения России
Историческая серия:                                                                                                                                                                                                                                            История денежного обращения России
История русского военно-морского флота
История русского военно-морского флота
История русской авиации
История русской авиации
История русской авиации
История русской авиации
История русской авиации
История русской авиации
История русской авиации
История русской авиации
История русской авиации
История русской авиации
История русской авиации
История русской авиации
Историческая серия:                                                                                                                                                                                                                                            К 300-летию добровольного вхождения Хакасии в состав России
Историческая серия:                                                                                                                                                                                                                                            К 300-летию добровольного вхождения Хакасии в состав России
Историческая серия:                                                                                                                                                                                                                                            К 300-летию добровольного вхождения Хакасии в состав России
Историческая серия:                                                                                                                                                                                                                                            К 350-летию добровольного вхождения Бурятии в состав Российского государства
Историческая серия:                                                                                                                                                                                                                                            К 350-летию добровольного вхождения Бурятии в состав Российского государства
Историческая серия:                                                                                                                                                                                                                                            К 350-летию добровольного вхождения Бурятии в состав Российского государства
Историческая серия:                                                                                                                                                                                                                                            К 400-летию добровольного вхождения калмыцкого народа в состав Российского государства
Историческая серия:                                                                                                                                                                                                                                            К 400-летию добровольного вхождения калмыцкого народа в состав Российского государства
Историческая серия:                                                                                                                                                                                                                                            К 400-летию добровольного вхождения калмыцкого народа в состав Российского государства
Историческая серия:                                                                                                                                                                                                                                            К 450-летию добровольного вхождения Башкирии в состав России
Историческая серия:                                                                                                                                                                                                                                            К 450-летию добровольного вхождения Башкирии в состав России
Историческая серия:                                                                                                                                                                                                                                            К 450-летию добровольного вхождения Башкирии в состав России
Историческая серия:                                                                                                                                                                                                                                            К 450-летию добровольного вхождения Башкирии в состав России
Историческая серия:                                                                                                                                                                                                                                            К 450-летию добровольного вхождения Удмуртии в состав Российского государства
Историческая серия:                                                                                                                                                                                                                                            К 450-летию добровольного вхождения Удмуртии в состав Российского государства
Историческая серия:                                                                                                                                                                                                                                            К 450-летию добровольного вхождения Удмуртии в состав Российского государства
Историческая серия:                                                                                                                                                                                                                                            К 450-летию добровольного вхождения Удмуртии в состав Российского государства
Космос
Космос
Космос
Космос
Космос
Красная книга
Красная книга
Красная книга
Красная книга
Красная книга
Красная книга
Красная книга
Красная книга
Красная книга
Красная книга
Красная книга
Красная книга
Красная книга
Красная книга
Красная книга
Красная книга
Красная книга
Красная книга
Красная книга
Красная книга
Красная книга
Красная книга
Красная книга
Красная книга
Красная книга
Красная книга
Красная книга
Красная книга
Красная книга
Красная книга
Красная книга
Красная книга
Красная книга
Красная книга
Красная книга
Красная книга
Красная книга
Красная книга
Красная книга
Красная книга
Красная книга
Красная книга
Красная книга
Красная книга
Красная книга
Красная книга
Красная книга
Красная книга
Красная книга
Красная книга
Красная книга
Красная книга
Красная книга
Красная книга
Красная книга
Красная книга
Красная книга
Красная книга
Красная книга
Красная книга
Красная книга
Красная книга
Красная книга
Красная книга
Красная книга
Красная книга
Красная книга
Красная книга
Красная книга
Красная книга
Красная книга
Красная книга
Красная книга
Красная книга
Красная книга
Красная книга
Спортивная серия:                                                                                                                                                                                                                                              Кубок мира по спортивной ходьбе (г. Чебоксары)
Легенды и сказки народов России
Легенды и сказки народов России
Легенды и сказки народов России
Легенды и сказки народов России
Легенды и сказки стран ЕврАзЭС
Лунный календарь
Лунный календарь
Лунный календарь
Лунный календарь
Лунный календарь
Лунный календарь
Лунный календарь
Лунный календарь
Лунный календарь
Лунный календарь
Лунный календарь
Лунный календарь
Лунный календарь
Международная монетная программа стран-членов ЕврАзЭС
Международная монетная программа стран-членов ЕврАзЭС
Международная монетная программа стран-членов ЕврАзЭС
Международная монетная программа стран-членов ЕврАзЭС
Международная монетная программа стран-членов ЕврАзЭС
Международная монетная программа стран-членов ЕврАзЭС
На страже Отечества
На страже Отечества
На страже Отечества
На страже Отечества
Историческая серия:                                                                                                                                                                                                                                            Окно в Европу
Историческая серия:                                                                                                                                                                                                                                            Окно в Европу
Историческая серия:                                                                                                                                                                                                                                            Окно в Европу
Историческая серия:                                                                                                                                                                                                                                            Окно в Европу
Историческая серия:                                                                                                                                                                                                                                            Окно в Европу
Историческая серия:                                                                                                                                                                                                                                            Окно в Европу
Историческая серия:                                                                                                                                                                                                                                            Окно в Европу
Историческая серия:                                                                                                                                                                                                                                            Окно в Европу
Олимпийский век России
Олимпийский век России
Олимпийский век России
Олимпийский век России
Оружие Великой Победы (конструкторы оружия)
Оружие Великой Победы (конструкторы оружия)
Оружие Великой Победы (конструкторы оружия)
Оружие Великой Победы (конструкторы оружия)
Оружие Великой Победы (конструкторы оружия)
Оружие Великой Победы (конструкторы оружия)
Оружие Великой Победы (конструкторы оружия)
Оружие Великой Победы (конструкторы оружия)
Оружие Великой Победы (конструкторы оружия)
Оружие Великой Победы (конструкторы оружия)
Оружие Великой Победы (конструкторы оружия)
Оружие Великой Победы (конструкторы оружия)
Оружие Великой Победы (конструкторы оружия)
Оружие Великой Победы (конструкторы оружия)
Оружие Великой Победы (конструкторы оружия)
Оружие Великой Победы (конструкторы оружия)
Оружие Великой Победы (конструкторы оружия)
Оружие Великой Победы (конструкторы оружия)
Оружие Великой Победы (конструкторы оружия)
Географическая серия:                                                                                                                                                                                                                                          Освоение и исследование Сибири, XVI-XVII вв
Географическая серия:                                                                                                                                                                                                                                          Освоение и исследование Сибири, XVI-XVII вв
Географическая серия:                                                                                                                                                                                                                                          Освоение и исследование Сибири, XVI-XVII вв
Географическая серия:                                                                                                                                                                                                                                          Освоение и исследование Сибири, XVI-XVII вв
Памятники архитектуры России
Памятники архитектуры России
Памятники архитектуры России
Памятники архитектуры России
Памятники архитектуры России
Памятники архитектуры России
Памятники архитектуры России
Памятники архитектуры России
Памятники архитектуры России
Памятники архитектуры России
Памятники архитектуры России
Памятники архитектуры России
Памятники архитектуры России
Памятники архитектуры России
Памятники архитектуры России
Памятники архитектуры России
Памятники архитектуры России
Памятники архитектуры России
Памятники архитектуры России
Памятники архитектуры России
Памятники архитектуры России
Памятники архитектуры России
Памятники архитектуры России
Памятники архитектуры России
Памятники архитектуры России
Памятники архитектуры России
Памятники архитектуры России
Памятники архитектуры России
Памятники архитектуры России
Памятники архитектуры России
Памятники архитектуры России
Памятники архитектуры России
Памятники архитектуры России
Памятники архитектуры России
Памятники архитектуры России
Памятники архитектуры России
Памятники архитектуры России
Памятники архитектуры России
Памятники архитектуры России
Памятники архитектуры России
Памятники архитектуры России
Памятники архитектуры России
Памятники архитектуры России
Памятники архитектуры России
Памятники архитектуры России
Памятники архитектуры России
Памятники архитектуры России
Памятники архитектуры России
Памятники архитектуры России
Памятники архитектуры России
Памятники архитектуры России
Памятники архитектуры России
Памятники архитектуры России
Памятники архитектуры России
Памятники архитектуры России
Памятники архитектуры России
Памятники архитектуры России
Памятники архитектуры России
Памятники архитектуры России
Памятники архитектуры России
Памятники архитектуры России
Памятники архитектуры России
Памятники архитектуры России
Памятники архитектуры России
Памятники архитектуры России
Памятники архитектуры России
Памятники архитектуры России
Памятники архитектуры России
Памятники архитектуры России
Памятники архитектуры России
Памятники архитектуры России
Памятники архитектуры России
Памятники архитектуры России
Памятники архитектуры России
Памятники архитектуры России
Памятники архитектуры России
Памятники архитектуры России
Памятники архитектуры России
Памятники архитектуры России
Памятники архитектуры России
Памятники архитектуры России
Памятники архитектуры России
Памятники архитектуры России
Памятники архитектуры России
Памятники архитектуры России
Памятники архитектуры России
Памятники архитектуры России
Памятники архитектуры России
Памятники архитектуры России
Памятники архитектуры России
Памятники архитектуры России
Памятники архитектуры России
Памятники архитектуры России
Памятники архитектуры России
Памятники архитектуры России
Памятники архитектуры России
Памятники архитектуры России
Памятники архитектуры России
Памятники архитектуры России
Памятники архитектуры России
Памятники архитектуры России
Памятники архитектуры России
Памятники архитектуры России
Памятники архитектуры России
Памятники архитектуры России
Памятники архитектуры России
Памятники архитектуры России
Памятники архитектуры России
Памятники архитектуры России
Памятники архитектуры России
Памятники архитектуры России
Памятники архитектуры России
Памятники архитектуры России
Памятники архитектуры России
Памятники архитектуры России
Памятники архитектуры России
Памятники архитектуры России
Памятники архитектуры России
Памятники архитектуры России
Памятники архитектуры России
Памятники архитектуры России
Памятники архитектуры России
Памятники архитектуры России
Памятники архитектуры России
Памятники архитектуры России
Памятники архитектуры России
Памятники архитектуры России
Памятники архитектуры России
Памятники архитектуры России
Памятники архитектуры России
Памятники архитектуры России
Памятники архитектуры России
Памятники архитектуры России
Памятники архитектуры России
Памятники архитектуры России
Памятники архитектуры России
Памятники архитектуры России
Памятники архитектуры России
Памятники архитектуры России
Памятники архитектуры России
Памятники архитектуры России
Памятники архитектуры России
Памятные монеты, посвящённые Победе в Великой Отечественной войне 1941-1945 гг.
Памятные монеты, посвящённые Победе в Великой Отечественной войне 1941-1945 гг.
Памятные монеты, посвящённые Победе в Великой Отечественной войне 1941-1945 гг.
Памятные монеты, посвящённые Победе в Великой Отечественной войне 1941-1945 гг.
Памятные монеты, посвящённые Победе в Великой Отечественной войне 1941-1945 гг.
Географическая серия:                                                                                                                                                                                                                                          Первая русская антарктическая экспедиция
Географическая серия:                                                                                                                                                                                                                                          Первая русская антарктическая экспедиция
Географическая серия:                                                                                                                                                                                                                                          Первая русская антарктическая экспедиция
Географическая серия:                                                                                                                                                                                                                                          Первая русская антарктическая экспедиция
Географическая серия:                                                                                                                                                                                                                                          Первое русское кругосветное путешествие
Географическая серия:                                                                                                                                                                                                                                          Первое русское кругосветное путешествие
Географическая серия:                                                                                                                                                                                                                                          Первое русское кругосветное путешествие
Географическая серия:                                                                                                                                                                                                                                          Первое русское кругосветное путешествие
Подвиг советских воинов, сражавшихся на Крымском полуострове в годы Великой Отечественной войны 1941-1945 гг.
Подвиг советских воинов, сражавшихся на Крымском полуострове в годы Великой Отечественной войны 1941-1945 гг.
Подвиг советских воинов, сражавшихся на Крымском полуострове в годы Великой Отечественной войны 1941-1945 гг.
Подвиг советских воинов, сражавшихся на Крымском полуострове в годы Великой Отечественной войны 1941-1945 гг.
Подвиг советских воинов, сражавшихся на Крымском полуострове в годы Великой Отечественной войны 1941-1945 гг.
Полководцы и герои Отечественной войны 1812 года
Полководцы и герои Отечественной войны 1812 года
Полководцы и герои Отечественной войны 1812 года
Полководцы и герои Отечественной войны 1812 года
Полководцы и герои Отечественной войны 1812 года
Полководцы и герои Отечественной войны 1812 года
Полководцы и герои Отечественной войны 1812 года
Полководцы и герои Отечественной войны 1812 года
Полководцы и герои Отечественной войны 1812 года
Полководцы и герои Отечественной войны 1812 года
Полководцы и герои Отечественной войны 1812 года
Полководцы и герои Отечественной войны 1812 года
Полководцы и герои Отечественной войны 1812 года
Полководцы и герои Отечественной войны 1812 года
Полководцы и герои Отечественной войны 1812 года
Полководцы и герои Отечественной войны 1812 года
Российская (советская) мультипликация
Российская (советская) мультипликация
Российская (советская) мультипликация
Российская (советская) мультипликация
Российская (советская) мультипликация
Российская (советская) мультипликация
Российская (советская) мультипликация
Российская (советская) мультипликация
Российская (советская) мультипликация
Российская (советская) мультипликация
Российская (советская) мультипликация
Российская (советская) мультипликация
Российская (советская) мультипликация
Российская (советская) мультипликация
Российская (советская) мультипликация
Российская (советская) мультипликация
Российская (советская) мультипликация
Российская (советская) мультипликация
Российская (советская) мультипликация
Российская (советская) мультипликация
Российская (советская) мультипликация
Российская (советская) мультипликация
Российская (советская) мультипликация
Российская (советская) мультипликация
Российская (советская) мультипликация
Российская (советская) мультипликация
Российская (советская) мультипликация
Российская Федерация
Российская Федерация
Российская Федерация
Российская Федерация
Российская Федерация
Российская Федерация
Российская Федерация
Российская Федерация
Российская Федерация
Российская Федерация
Российская Федерация
Российская Федерация
Российская Федерация
Российская Федерация
Российская Федерация
Российская Федерация
Российская Федерация
Российская Федерация
Российская Федерация
Российская Федерация
Российская Федерация
Российская Федерация
Российская Федерация
Российская Федерация
Российская Федерация
Российская Федерация
Российская Федерация
Российская Федерация
Российская Федерация
Российская Федерация
Российская Федерация
Российская Федерация
Российская Федерация
Российская Федерация
Российская Федерация
Российская Федерация
Российская Федерация
Российская Федерация
Российская Федерация
Российская Федерация
Российская Федерация
Российская Федерация
Российская Федерация
Российская Федерация
Российская Федерация
Российская Федерация
Российская Федерация
Российская Федерация
Российская Федерация
Россия во всемирном, культурном и природном наследии ЮНЕСКО
Россия во всемирном, культурном и природном наследии ЮНЕСКО
Россия во всемирном, культурном и природном наследии ЮНЕСКО
Россия во всемирном, культурном и природном наследии ЮНЕСКО
Россия во всемирном, культурном и природном наследии ЮНЕСКО
Россия во всемирном, культурном и природном наследии ЮНЕСКО
Россия во всемирном, культурном и природном наследии ЮНЕСКО
Россия во всемирном, культурном и природном наследии ЮНЕСКО
Россия во всемирном, культурном и природном наследии ЮНЕСКО
Россия во всемирном, культурном и природном наследии ЮНЕСКО
Россия во всемирном, культурном и природном наследии ЮНЕСКО
Россия во всемирном, культурном и природном наследии ЮНЕСКО
Россия во всемирном, культурном и природном наследии ЮНЕСКО
Россия во всемирном, культурном и природном наследии ЮНЕСКО
Россия во всемирном, культурном и природном наследии ЮНЕСКО
Россия во всемирном, культурном и природном наследии ЮНЕСКО
Россия во всемирном, культурном и природном наследии ЮНЕСКО
Россия во всемирном, культурном и природном наследии ЮНЕСКО
Россия во всемирном, культурном и природном наследии ЮНЕСКО
Россия во всемирном, культурном и природном наследии ЮНЕСКО
Россия во всемирном, культурном и природном наследии ЮНЕСКО
Россия во всемирном, культурном и природном наследии ЮНЕСКО
Россия во всемирном, культурном и природном наследии ЮНЕСКО
Россия на рубеже тысячелетий
Россия на рубеже тысячелетий
Россия на рубеже тысячелетий
Россия на рубеже тысячелетий
Россия на рубеже тысячелетий
Россия на рубеже тысячелетий
Географическая серия:                                                                                                                                                                                                                                          Русские исследователи Центральной Азии
Географическая серия:                                                                                                                                                                                                                                          Русские исследователи Центральной Азии
Географическая серия:                                                                                                                                                                                                                                          Русские исследователи Центральной Азии
Географическая серия:                                                                                                                                                                                                                                          Русские исследователи Центральной Азии
Географическая серия:                                                                                                                                                                                                                                          Русские исследователи Центральной Азии
Русский балет
Русский балет
Русский балет
Русский балет
Русский балет
Русский балет
Русский балет
Русский балет
Русский балет
Русский балет
Русский балет
Русский балет
Русский балет
Русский балет
Русский балет
Русский балет
Русский балет
Русский балет
Русский балет
Русский балет
Русский балет
Русский балет
Русский балет
Русский балет
Русский балет
Русский балет
Русский балет
Русский балет
Русский балет
Русский балет
Русский балет
Русский балет
Русский балет
Русский балет
Русский балет
Русский балет
Русский балет
Русский балет
Русский балет
Русский балет
Русский балет
Русский балет
Русский балет
Русский балет
Русский балет
Русский балет
Русский балет
Русский балет
Русский балет
Русский балет
Русский балет
Русский балет
Русский балет
Русский балет
Русский балет
Русский балет
Русский балет
Русский балет
Русский балет
Русский балет
Русский балет
Русский балет
Русский балет
Русский балет
Русский балет
Русский балет
Русский балет
Русский балет
Русский балет
Русский балет
Русский балет
Спортивная серия:                                                                                                                                                                                                                                              Самбо
Спортивная серия:                                                                                                                                                                                                                                              Самбо
Сбербанк 170 лет
Сбербанк 170 лет
Сбербанк 170 лет
Сбербанк 170 лет
Серия "Выдающиеся спортсмены России" (Фигуристы)
Серия "Выдающиеся спортсмены России" (Фигуристы)
Символы России
Символы России
Символы России
Символы России
Символы России
Символы России
Символы России
Символы России
Символы России
Символы России
Символы России
Символы России
Символы России
Символы России
Символы России
Символы России
Символы России
Символы России
Символы России
Символы России
Сокровищница мировой культуры
Сокровищница мировой культуры
Сокровищница мировой культуры
Сокровищница мировой культуры
Сохраним наш мир
Сохраним наш мир
Сохраним наш мир
Сохраним наш мир
Сохраним наш мир
Сохраним наш мир
Сохраним наш мир
Сохраним наш мир
Сохраним наш мир
Сохраним наш мир
Сохраним наш мир
Сохраним наш мир
Сохраним наш мир
Сохраним наш мир
Сохраним наш мир
Сохраним наш мир
Сохраним наш мир
Сохраним наш мир
Сохраним наш мир
Сохраним наш мир
Сохраним наш мир
Сохраним наш мир
Сохраним наш мир
Сохраним наш мир
Сохраним наш мир
Сохраним наш мир
Сохраним наш мир
Сохраним наш мир
Сохраним наш мир
Сохраним наш мир
Сохраним наш мир
Сохраним наш мир
Сохраним наш мир
Сохраним наш мир
Сохраним наш мир
Сохраним наш мир
Сохраним наш мир
Сохраним наш мир
Сохраним наш мир
Сохраним наш мир
Сохраним наш мир
Сохраним наш мир
Сохраним наш мир
Сохраним наш мир
Сохраним наш мир
Сохраним наш мир
Сохраним наш мир
Сохраним наш мир
Сохраним наш мир
Сохраним наш мир
Сохраним наш мир
Сохраним наш мир
Сохраним наш мир
Сохраним наш мир
Сохраним наш мир
Сохраним наш мир
Сохраним наш мир
Сохраним наш мир
Сохраним наш мир
Сохраним наш мир
Сохраним наш мир
Сохраним наш мир
Сохраним наш мир
Сохраним наш мир
Сохраним наш мир
Сохраним наш мир
Сохраним наш мир
Сохраним наш мир
Сохраним наш мир
Сохраним наш мир
Сохраним наш мир
Сохраним наш мир
Сохраним наш мир
Сохраним наш мир
Сохраним наш мир
Сохраним наш мир
Спорт
Спорт
Спорт
Спорт
Спорт
Спорт
Спорт
Спорт
Спорт
Спорт
Сражения и знаменательные события Отечественной войны 1812 года и заграничных походов русской армии 1813-1814 годов
Сражения и знаменательные события Отечественной войны 1812 года и заграничных походов русской армии 1813-1814 годов
Сражения и знаменательные события Отечественной войны 1812 года и заграничных походов русской армии 1813-1814 годов
Сражения и знаменательные события Отечественной войны 1812 года и заграничных походов русской армии 1813-1814 годов
Сражения и знаменательные события Отечественной войны 1812 года и заграничных походов русской армии 1813-1814 годов
Сражения и знаменательные события Отечественной войны 1812 года и заграничных походов русской армии 1813-1814 годов
Сражения и знаменательные события Отечественной войны 1812 года и заграничных походов русской армии 1813-1814 годов
Сражения и знаменательные события Отечественной войны 1812 года и заграничных походов русской армии 1813-1814 годов
Сражения и знаменательные события Отечественной войны 1812 года и заграничных походов русской армии 1813-1814 годов
Сражения и знаменательные события Отечественной войны 1812 года и заграничных походов русской армии 1813-1814 годов
Столицы стран - членов ЕврАзЭС
Историческая серия:                                                                                                                                                                                                                                            Феофан Грек
Историческая серия:                                                                                                                                                                                                                                            Феофан Грек
Историческая серия:                                                                                                                                                                                                                                            Феофан Грек
Историческая серия:                                                                                                                                                                                                                                            Феофан Грек
ХХIХ Всемирная зимняя универсиада 2019 года в г. Красноярске
ХХIХ Всемирная зимняя универсиада 2019 года в г. Красноярске
ХХIХ Всемирная зимняя универсиада 2019 года в г. Красноярске
ХХIХ Всемирная зимняя универсиада 2019 года в г. Красноярске
Человек труда
Человек труда
Человек труда
Чемпионат мира по футболу FIFA 2018 в России
Чемпионат мира по футболу FIFA 2018 в России
Чемпионат мира по футболу FIFA 2018 в России
Чемпионат мира по футболу FIFA 2018 в России
Чемпионат мира по футболу FIFA 2018 в России
Чемпионат мира по футболу FIFA 2018 в России
Чемпионат мира по футболу FIFA 2018 в России
Чемпионат мира по футболу FIFA 2018 в России
Чемпионат мира по футболу FIFA 2018 в России
Чемпионат мира по футболу FIFA 2018 в России
Чемпионат мира по футболу FIFA 2018 в России
Чемпионат мира по футболу FIFA 2018 в России
Чемпионат мира по футболу FIFA 2018 в России
Чемпионат мира по футболу FIFA 2018 в России
Чемпионат мира по футболу FIFA 2018 в России
Чемпионат мира по футболу FIFA 2018 в России
Чемпионат мира по футболу FIFA 2018 в России
Чемпионат мира по футболу FIFA 2018 в России
Чемпионат мира по футболу FIFA 2018 в России
Чемпионат мира по футболу FIFA 2018 в России
Чемпионат мира по футболу FIFA 2018 в России
Чемпионат мира по футболу FIFA 2018 в России
Чемпионат мира по футболу FIFA 2018 в России
Географическая серия:                                                                                                                                                                                                                                          Экспедиции Г.И. Невельского на Дальний Восток в 1848-1849 и 1850-1855 гг.
Географическая серия:                                                                                                                                                                                                                                          Экспедиции Г.И. Невельского на Дальний Восток в 1848-1849 и 1850-1855 гг.
Географическая серия:                                                                                                                                                                                                                                          Экспедиции Г.И. Невельского на Дальний Восток в 1848-1849 и 1850-1855 гг.
Историческая серия:                                                                                                                                                                                                                                            Эпоха просвещения. XVIII век
Историческая серия:                                                                                                                                                                                                                                            Эпоха просвещения. XVIII век
Историческая серия:                                                                                                                                                                                                                                            Эпоха просвещения. XVIII век
Историческая серия:                                                                                                                                                                                                                                            Эпоха просвещения. XVIII век
Историческая серия:                                                                                                                                                                                                                                            Эпоха просвещения. XVIII век
Историческая серия:                                                                                                                                                                                                                                            Эпоха просвещения. XVIII век
Ювелирное искусство в России
Ювелирное искусство в России
Ювелирное искусство в России
Ювелирное искусство в России
Ювелирное искусство в России
Ювелирное искусство в России
